<?xml version="1.0" encoding="UTF-8"?>
<!-- Generated by org.testng.reporters.JUnitReportReporter -->
<testsuite skipped="0" hostname="Dharam-PC" name="TestNGFramework.TestNGMavenGitJenkins.Test4" tests="2" failures="0" timestamp="14 Mar 2020 18:12:14 GMT" time="194.333" errors="0">
  <testcase name="test10" time="134.174" classname="TestNGFramework.TestNGMavenGitJenkins.Test4"/>
  <testcase name="test9" time="60.159" classname="TestNGFramework.TestNGMavenGitJenkins.Test4"/>
</testsuite> <!-- TestNGFramework.TestNGMavenGitJenkins.Test4 -->
