<?xml version="1.0" encoding="UTF-8"?>
<!-- Generated by org.testng.reporters.JUnitReportReporter -->
<testsuite skipped="0" hostname="Dharam-PC" name="TestNGFramework.TestNGMavenGitJenkins.Test3" tests="2" failures="0" timestamp="14 Mar 2020 18:12:14 GMT" time="192.492" errors="0">
  <testcase name="test7" time="91.986" classname="TestNGFramework.TestNGMavenGitJenkins.Test3"/>
  <testcase name="test6" time="100.506" classname="TestNGFramework.TestNGMavenGitJenkins.Test3"/>
</testsuite> <!-- TestNGFramework.TestNGMavenGitJenkins.Test3 -->
