<?xml version="1.0" encoding="UTF-8"?>
<!-- Generated by org.testng.reporters.JUnitReportReporter -->
<testsuite skipped="0" hostname="Dharam-PC" name="TestNGFramework.TestNGMavenGitJenkins.Test2" tests="2" failures="0" timestamp="11 Aug 2020 15:09:56 GMT" time="58.593" errors="0">
  <testcase name="test3" time="28.677" classname="TestNGFramework.TestNGMavenGitJenkins.Test2"/>
  <testcase name="test4" time="29.916" classname="TestNGFramework.TestNGMavenGitJenkins.Test2"/>
</testsuite> <!-- TestNGFramework.TestNGMavenGitJenkins.Test2 -->
