<?xml version="1.0" encoding="UTF-8"?>
<!-- Generated by org.testng.reporters.JUnitReportReporter -->
<testsuite skipped="0" hostname="Dharam-PC" name="TestNGFramework.TestNGMavenGitJenkins.Test1" tests="2" failures="0" timestamp="16 Jan 2022 10:12:51 GMT" time="96.069" errors="0">
  <testcase name="test12" time="49.232" classname="TestNGFramework.TestNGMavenGitJenkins.Test1"/>
  <testcase name="test11" time="46.837" classname="TestNGFramework.TestNGMavenGitJenkins.Test1"/>
</testsuite> <!-- TestNGFramework.TestNGMavenGitJenkins.Test1 -->
