<?xml version="1.0" encoding="UTF-8"?>
<!-- Generated by org.testng.reporters.JUnitReportReporter -->
<testsuite skipped="0" hostname="Dharam-PC" name="TestNGFramework.TestNGMavenGitJenkins.Test5" tests="2" failures="0" timestamp="16 Jan 2022 09:06:13 GMT" time="47.063" errors="0">
  <testcase name="test2" time="22.062" classname="TestNGFramework.TestNGMavenGitJenkins.Test5"/>
  <testcase name="test1" time="25.001" classname="TestNGFramework.TestNGMavenGitJenkins.Test5"/>
</testsuite> <!-- TestNGFramework.TestNGMavenGitJenkins.Test5 -->
